This file contains any messages produced by compilers while
running configure, to aid debugging if configure makes a mistake.

It was created by sqlite configure 3.7.2, which was
generated by GNU Autoconf 2.69.  Invocation command line was

  $ ./configure --host=arm-linux --build=x86_64-linux-gnu --prefix=/usr --enable-shared --enable-static --disable-readline --disable-dynamic-extensions --enable-threadsafe --disable-dependency-tracking

## --------- ##
## Platform. ##
## --------- ##

hostname = plp
uname -m = x86_64
uname -r = 3.13.0-32-generic
uname -s = Linux
uname -v = #57-Ubuntu SMP Tue Jul 15 03:51:08 UTC 2014

/usr/bin/uname -p = unknown
/bin/uname -X     = unknown

/bin/arch              = unknown
/usr/bin/arch -k       = unknown
/usr/convex/getsysinfo = unknown
/usr/bin/hostinfo      = unknown
/bin/machine           = unknown
/usr/bin/oslevel       = unknown
/bin/universe          = unknown

PATH: /home/plp/k2p/asuswrt/release/tools
PATH: /home/plp/k2p/asuswrt/release/src-rt-9.x/src/ctools
PATH: /home/plp/k2p/asuswrt/release/src-rt-9.x/tools
PATH: /home/plp/k2p/asuswrt/release/src-rt-9.x/src/ctools
PATH: /home/plp/k2p/asuswrt/release/src-rt-9.x/tools
PATH: /home/plp/k2p/asuswrt/release/src-rt-9.x/src/ctools
PATH: /usr/local/sbin
PATH: /usr/local/bin
PATH: /usr/sbin
PATH: /usr/bin
PATH: /sbin
PATH: /bin
PATH: /usr/games
PATH: /usr/local/games
PATH: /home/plp/k2p/asuswrt/release/src-rt-9.x/src/toolchains/hndtools-arm-linux-2.6.36-uclibc-4.5.3/bin
PATH: /home/plp/k2p/asuswrt/release/src-rt-9.x/src/toolchains/hndtools-arm-linux-2.6.36-uclibc-4.5.3/bin
PATH: /home/plp/k2p/asuswrt/release/src-rt-9.x/src/toolchains/hndtools-arm-linux-2.6.36-uclibc-4.5.3/bin


## ----------- ##
## Core tests. ##
## ----------- ##

configure:2182: checking for a BSD-compatible install
configure:2250: result: /usr/bin/install -c
configure:2261: checking whether build environment is sane
configure:2316: result: yes
configure:2375: checking for arm-linux-strip
configure:2402: result: arm-brcm-linux-uclibcgnueabi-strip
configure:2467: checking for a thread-safe mkdir -p
configure:2506: result: /bin/mkdir -p
configure:2513: checking for gawk
configure:2529: found /usr/bin/gawk
configure:2540: result: gawk
configure:2551: checking whether make sets $(MAKE)
configure:2573: result: yes
configure:2602: checking whether make supports nested variables
configure:2619: result: yes
configure:2745: checking whether to enable maintainer-specific portions of Makefiles
configure:2754: result: no
configure:2780: checking for style of include used by make
configure:2808: result: GNU
configure:2839: checking for arm-linux-gcc
configure:2866: result: arm-brcm-linux-uclibcgnueabi-gcc
configure:3135: checking for C compiler version
configure:3144: arm-brcm-linux-uclibcgnueabi-gcc --version >&5
arm-brcm-linux-uclibcgnueabi-gcc (Buildroot 2012.02) 4.5.3
Copyright (C) 2010 Free Software Foundation, Inc.
This is free software; see the source for copying conditions.  There is NO
warranty; not even for MERCHANTABILITY or FITNESS FOR A PARTICULAR PURPOSE.

configure:3155: $? = 0
configure:3144: arm-brcm-linux-uclibcgnueabi-gcc -v >&5
Using built-in specs.
COLLECT_GCC=arm-brcm-linux-uclibcgnueabi-gcc
COLLECT_LTO_WRAPPER=/home/plp/k2p/asuswrt/release/src-rt-9.x/src/toolchains/hndtools-arm-linux-2.6.36-uclibc-4.5.3/bin/../libexec/gcc/arm-brcm-linux-uclibcgnueabi/4.5.3/lto-wrapper
Target: arm-brcm-linux-uclibcgnueabi
Configured with: /projects/toolchains_build/buildroot-2012.02-brcm/output/toolchain/gcc-4.5.3/configure --prefix=/projects/hnd/tools/linux/hndtools-arm-linux-2.6.36-uclibc-4.5.3 --build=i686-pc-linux-gnu --host=i686-pc-linux-gnu --target=arm-brcm-linux-uclibcgnueabi --enable-languages=c,c++ --with-sysroot=/projects/hnd/tools/linux/hndtools-arm-linux-2.6.36-uclibc-4.5.3/arm-brcm-linux-uclibcgnueabi/sysroot --with-build-time-tools=/projects/hnd/tools/linux/hndtools-arm-linux-2.6.36-uclibc-4.5.3/arm-brcm-linux-uclibcgnueabi/bin --disable-__cxa_atexit --enable-target-optspace --disable-libgomp --with-gnu-ld --disable-libssp --disable-multilib --disable-tls --enable-shared --with-gmp=/projects/hnd/tools/linux/hndtools-arm-linux-2.6.36-uclibc-4.5.3 --with-mpfr=/projects/hnd/tools/linux/hndtools-arm-linux-2.6.36-uclibc-4.5.3 --with-mpc=/projects/hnd/tools/linux/hndtools-arm-linux-2.6.36-uclibc-4.5.3 --enable-threads --disable-decimal-float --with-float=soft --with-abi=aapcs-linux --with-arch=armv7-a --with-tune=cortex-a9 --with-pkgversion='Buildroot 2012.02' --with-bugurl=http://bugs.buildroot.net/
Thread model: posix
gcc version 4.5.3 (Buildroot 2012.02) 
configure:3155: $? = 0
configure:3144: arm-brcm-linux-uclibcgnueabi-gcc -V >&5
arm-brcm-linux-uclibcgnueabi-gcc: '-V' option must have argument
configure:3155: $? = 1
configure:3144: arm-brcm-linux-uclibcgnueabi-gcc -qversion >&5
arm-brcm-linux-uclibcgnueabi-gcc: unrecognized option '-qversion'
arm-brcm-linux-uclibcgnueabi-gcc: no input files
configure:3155: $? = 1
configure:3175: checking whether the C compiler works
configure:3197: arm-brcm-linux-uclibcgnueabi-gcc -Os -DLINUX26 -DCONFIG_BCMWL5 -DDEBUG_NOISY -DDEBUG_RCTEST -pipe -DBCMWPA2 -DBCMARM -fno-strict-aliasing -marm -DRTCONFIG_NVRAM_64K -DLINUX_KERNEL_VERSION=132644  -ffunction-sections -fdata-sections -fPIC  -ffunction-sections -fdata-sections -Wl,--gc-sections -lpthread -ldl conftest.c  >&5
configure:3201: $? = 0
configure:3249: result: yes
configure:3252: checking for C compiler default output file name
configure:3254: result: a.out
configure:3260: checking for suffix of executables
configure:3267: arm-brcm-linux-uclibcgnueabi-gcc -o conftest -Os -DLINUX26 -DCONFIG_BCMWL5 -DDEBUG_NOISY -DDEBUG_RCTEST -pipe -DBCMWPA2 -DBCMARM -fno-strict-aliasing -marm -DRTCONFIG_NVRAM_64K -DLINUX_KERNEL_VERSION=132644  -ffunction-sections -fdata-sections -fPIC  -ffunction-sections -fdata-sections -Wl,--gc-sections -lpthread -ldl conftest.c  >&5
configure:3271: $? = 0
configure:3293: result: 
configure:3315: checking whether we are cross compiling
configure:3353: result: yes
configure:3358: checking for suffix of object files
configure:3380: arm-brcm-linux-uclibcgnueabi-gcc -c -Os -DLINUX26 -DCONFIG_BCMWL5 -DDEBUG_NOISY -DDEBUG_RCTEST -pipe -DBCMWPA2 -DBCMARM -fno-strict-aliasing -marm -DRTCONFIG_NVRAM_64K -DLINUX_KERNEL_VERSION=132644  -ffunction-sections -fdata-sections -fPIC  conftest.c >&5
configure:3384: $? = 0
configure:3405: result: o
configure:3409: checking whether we are using the GNU C compiler
configure:3428: arm-brcm-linux-uclibcgnueabi-gcc -c -Os -DLINUX26 -DCONFIG_BCMWL5 -DDEBUG_NOISY -DDEBUG_RCTEST -pipe -DBCMWPA2 -DBCMARM -fno-strict-aliasing -marm -DRTCONFIG_NVRAM_64K -DLINUX_KERNEL_VERSION=132644  -ffunction-sections -fdata-sections -fPIC  conftest.c >&5
configure:3428: $? = 0
configure:3437: result: yes
configure:3446: checking whether arm-brcm-linux-uclibcgnueabi-gcc accepts -g
configure:3466: arm-brcm-linux-uclibcgnueabi-gcc -c -g  conftest.c >&5
configure:3466: $? = 0
configure:3507: result: yes
configure:3524: checking for arm-brcm-linux-uclibcgnueabi-gcc option to accept ISO C89
configure:3587: arm-brcm-linux-uclibcgnueabi-gcc  -c -Os -DLINUX26 -DCONFIG_BCMWL5 -DDEBUG_NOISY -DDEBUG_RCTEST -pipe -DBCMWPA2 -DBCMARM -fno-strict-aliasing -marm -DRTCONFIG_NVRAM_64K -DLINUX_KERNEL_VERSION=132644  -ffunction-sections -fdata-sections -fPIC  conftest.c >&5
configure:3587: $? = 0
configure:3600: result: none needed
configure:3625: checking whether arm-brcm-linux-uclibcgnueabi-gcc understands -c and -o together
configure:3647: arm-brcm-linux-uclibcgnueabi-gcc -c conftest.c -o conftest2.o
configure:3650: $? = 0
configure:3647: arm-brcm-linux-uclibcgnueabi-gcc -c conftest.c -o conftest2.o
configure:3650: $? = 0
configure:3662: result: yes
configure:3681: checking dependency style of arm-brcm-linux-uclibcgnueabi-gcc
configure:3792: result: none
configure:3815: checking for special C compiler options needed for large files
configure:3860: result: no
configure:3866: checking for _FILE_OFFSET_BITS value needed for large files
configure:3891: arm-brcm-linux-uclibcgnueabi-gcc -c -Os -DLINUX26 -DCONFIG_BCMWL5 -DDEBUG_NOISY -DDEBUG_RCTEST -pipe -DBCMWPA2 -DBCMARM -fno-strict-aliasing -marm -DRTCONFIG_NVRAM_64K -DLINUX_KERNEL_VERSION=132644  -ffunction-sections -fdata-sections -fPIC  conftest.c >&5
conftest.c:17:3: warning: left shift count >= width of type
conftest.c:17:3: warning: left shift count >= width of type
conftest.c:18:10: warning: left shift count >= width of type
conftest.c:18:10: warning: left shift count >= width of type
conftest.c:17:7: error: size of array 'off_t_is_large' is negative
conftest.c:19:9: warning: variably modified 'off_t_is_large' at file scope
configure:3891: $? = 1
configure: failed program was:
| /* confdefs.h */
| #define PACKAGE_NAME "sqlite"
| #define PACKAGE_TARNAME "sqlite"
| #define PACKAGE_VERSION "3.7.2"
| #define PACKAGE_STRING "sqlite 3.7.2"
| #define PACKAGE_BUGREPORT "http://www.sqlite.org"
| #define PACKAGE_URL ""
| #define PACKAGE "sqlite"
| #define VERSION "3.7.2"
| /* end confdefs.h.  */
| #include <sys/types.h>
|  /* Check that off_t can represent 2**63 - 1 correctly.
|     We can't simply define LARGE_OFF_T to be 9223372036854775807,
|     since some C++ compilers masquerading as C compilers
|     incorrectly reject 9223372036854775807.  */
| #define LARGE_OFF_T (((off_t) 1 << 62) - 1 + ((off_t) 1 << 62))
|   int off_t_is_large[(LARGE_OFF_T % 2147483629 == 721
| 		       && LARGE_OFF_T % 2147483647 == 1)
| 		      ? 1 : -1];
| int
| main ()
| {
| 
|   ;
|   return 0;
| }
configure:3915: arm-brcm-linux-uclibcgnueabi-gcc -c -Os -DLINUX26 -DCONFIG_BCMWL5 -DDEBUG_NOISY -DDEBUG_RCTEST -pipe -DBCMWPA2 -DBCMARM -fno-strict-aliasing -marm -DRTCONFIG_NVRAM_64K -DLINUX_KERNEL_VERSION=132644  -ffunction-sections -fdata-sections -fPIC  conftest.c >&5
configure:3915: $? = 0
configure:3923: result: 64
configure:4018: checking for arm-linux-gcc
configure:4045: result: arm-brcm-linux-uclibcgnueabi-gcc
configure:4314: checking for C compiler version
configure:4323: arm-brcm-linux-uclibcgnueabi-gcc --version >&5
arm-brcm-linux-uclibcgnueabi-gcc (Buildroot 2012.02) 4.5.3
Copyright (C) 2010 Free Software Foundation, Inc.
This is free software; see the source for copying conditions.  There is NO
warranty; not even for MERCHANTABILITY or FITNESS FOR A PARTICULAR PURPOSE.

configure:4334: $? = 0
configure:4323: arm-brcm-linux-uclibcgnueabi-gcc -v >&5
Using built-in specs.
COLLECT_GCC=arm-brcm-linux-uclibcgnueabi-gcc
COLLECT_LTO_WRAPPER=/home/plp/k2p/asuswrt/release/src-rt-9.x/src/toolchains/hndtools-arm-linux-2.6.36-uclibc-4.5.3/bin/../libexec/gcc/arm-brcm-linux-uclibcgnueabi/4.5.3/lto-wrapper
Target: arm-brcm-linux-uclibcgnueabi
Configured with: /projects/toolchains_build/buildroot-2012.02-brcm/output/toolchain/gcc-4.5.3/configure --prefix=/projects/hnd/tools/linux/hndtools-arm-linux-2.6.36-uclibc-4.5.3 --build=i686-pc-linux-gnu --host=i686-pc-linux-gnu --target=arm-brcm-linux-uclibcgnueabi --enable-languages=c,c++ --with-sysroot=/projects/hnd/tools/linux/hndtools-arm-linux-2.6.36-uclibc-4.5.3/arm-brcm-linux-uclibcgnueabi/sysroot --with-build-time-tools=/projects/hnd/tools/linux/hndtools-arm-linux-2.6.36-uclibc-4.5.3/arm-brcm-linux-uclibcgnueabi/bin --disable-__cxa_atexit --enable-target-optspace --disable-libgomp --with-gnu-ld --disable-libssp --disable-multilib --disable-tls --enable-shared --with-gmp=/projects/hnd/tools/linux/hndtools-arm-linux-2.6.36-uclibc-4.5.3 --with-mpfr=/projects/hnd/tools/linux/hndtools-arm-linux-2.6.36-uclibc-4.5.3 --with-mpc=/projects/hnd/tools/linux/hndtools-arm-linux-2.6.36-uclibc-4.5.3 --enable-threads --disable-decimal-float --with-float=soft --with-abi=aapcs-linux --with-arch=armv7-a --with-tune=cortex-a9 --with-pkgversion='Buildroot 2012.02' --with-bugurl=http://bugs.buildroot.net/
Thread model: posix
gcc version 4.5.3 (Buildroot 2012.02) 
configure:4334: $? = 0
configure:4323: arm-brcm-linux-uclibcgnueabi-gcc -V >&5
arm-brcm-linux-uclibcgnueabi-gcc: '-V' option must have argument
configure:4334: $? = 1
configure:4323: arm-brcm-linux-uclibcgnueabi-gcc -qversion >&5
arm-brcm-linux-uclibcgnueabi-gcc: unrecognized option '-qversion'
arm-brcm-linux-uclibcgnueabi-gcc: no input files
configure:4334: $? = 1
configure:4338: checking whether we are using the GNU C compiler
configure:4366: result: yes
configure:4375: checking whether arm-brcm-linux-uclibcgnueabi-gcc accepts -g
configure:4436: result: yes
configure:4453: checking for arm-brcm-linux-uclibcgnueabi-gcc option to accept ISO C89
configure:4529: result: none needed
configure:4554: checking whether arm-brcm-linux-uclibcgnueabi-gcc understands -c and -o together
configure:4591: result: yes
configure:4610: checking dependency style of arm-brcm-linux-uclibcgnueabi-gcc
configure:4721: result: none
configure:4739: checking for arm-linux-ranlib
configure:4766: result: arm-brcm-linux-uclibcgnueabi-ranlib
configure:4857: checking build system type
configure:4871: result: x86_64-pc-linux-gnu
configure:4891: checking host system type
configure:4904: result: arm-unknown-linux-gnu
configure:4945: checking how to print strings
configure:4972: result: printf
configure:4993: checking for a sed that does not truncate output
configure:5057: result: /bin/sed
configure:5075: checking for grep that handles long lines and -e
configure:5133: result: /bin/grep
configure:5138: checking for egrep
configure:5200: result: /bin/grep -E
configure:5205: checking for fgrep
configure:5267: result: /bin/grep -F
configure:5302: checking for ld used by arm-brcm-linux-uclibcgnueabi-gcc
configure:5369: result: arm-brcm-linux-uclibcgnueabi-ld
configure:5376: checking if the linker (arm-brcm-linux-uclibcgnueabi-ld) is GNU ld
configure:5391: result: yes
configure:5403: checking for BSD- or MS-compatible name lister (nm)
configure:5452: result: arm-brcm-linux-uclibcgnueabi-nm
configure:5582: checking the name lister (arm-brcm-linux-uclibcgnueabi-nm) interface
configure:5589: arm-brcm-linux-uclibcgnueabi-gcc -c -Os -DLINUX26 -DCONFIG_BCMWL5 -DDEBUG_NOISY -DDEBUG_RCTEST -pipe -DBCMWPA2 -DBCMARM -fno-strict-aliasing -marm -DRTCONFIG_NVRAM_64K -DLINUX_KERNEL_VERSION=132644  -ffunction-sections -fdata-sections -fPIC  conftest.c >&5
configure:5592: arm-brcm-linux-uclibcgnueabi-nm "conftest.o"
configure:5595: output
00000000 B some_variable
configure:5602: result: BSD nm
configure:5605: checking whether ln -s works
configure:5609: result: yes
configure:5617: checking the maximum length of command line arguments
configure:5747: result: 3458764513820540925
configure:5764: checking whether the shell understands some XSI constructs
configure:5774: result: yes
configure:5778: checking whether the shell understands "+="
configure:5784: result: yes
configure:5819: checking how to convert x86_64-pc-linux-gnu file names to arm-unknown-linux-gnu format
configure:5859: result: func_convert_file_noop
configure:5866: checking how to convert x86_64-pc-linux-gnu file names to toolchain format
configure:5886: result: func_convert_file_noop
configure:5893: checking for arm-brcm-linux-uclibcgnueabi-ld option to reload object files
configure:5900: result: -r
configure:5934: checking for arm-linux-objdump
configure:5961: result: arm-brcm-linux-uclibcgnueabi-objdump
configure:6033: checking how to recognize dependent libraries
configure:6235: result: pass_all
configure:6280: checking for arm-linux-dlltool
configure:6310: result: no
configure:6320: checking for dlltool
configure:6350: result: no
configure:6380: checking how to associate runtime and link libraries
configure:6407: result: printf %s\n
configure:6423: checking for arm-linux-ar
configure:6450: result: arm-brcm-linux-uclibcgnueabi-ar
configure:6531: checking for archiver @FILE support
configure:6548: arm-brcm-linux-uclibcgnueabi-gcc -c -Os -DLINUX26 -DCONFIG_BCMWL5 -DDEBUG_NOISY -DDEBUG_RCTEST -pipe -DBCMWPA2 -DBCMARM -fno-strict-aliasing -marm -DRTCONFIG_NVRAM_64K -DLINUX_KERNEL_VERSION=132644  -ffunction-sections -fdata-sections -fPIC  conftest.c >&5
configure:6548: $? = 0
configure:6551: arm-brcm-linux-uclibcgnueabi-ar cru libconftest.a @conftest.lst >&5
configure:6554: $? = 0
configure:6559: arm-brcm-linux-uclibcgnueabi-ar cru libconftest.a @conftest.lst >&5
arm-brcm-linux-uclibcgnueabi-ar: conftest.o: No such file or directory
configure:6562: $? = 1
configure:6574: result: @
configure:6592: checking for arm-linux-strip
configure:6619: result: arm-brcm-linux-uclibcgnueabi-strip
configure:6691: checking for arm-linux-ranlib
configure:6718: result: arm-brcm-linux-uclibcgnueabi-ranlib
configure:6860: checking command to parse arm-brcm-linux-uclibcgnueabi-nm output from arm-brcm-linux-uclibcgnueabi-gcc object
configure:6980: arm-brcm-linux-uclibcgnueabi-gcc -c -Os -DLINUX26 -DCONFIG_BCMWL5 -DDEBUG_NOISY -DDEBUG_RCTEST -pipe -DBCMWPA2 -DBCMARM -fno-strict-aliasing -marm -DRTCONFIG_NVRAM_64K -DLINUX_KERNEL_VERSION=132644  -ffunction-sections -fdata-sections -fPIC  conftest.c >&5
configure:6983: $? = 0
configure:6987: arm-brcm-linux-uclibcgnueabi-nm conftest.o \| sed -n -e 's/^.*[ ]\([ABCDGIRSTW][ABCDGIRSTW]*\)[ ][ ]*\([_A-Za-z][_A-Za-z0-9]*\)$/\1 \2 \2/p' | sed '/ __gnu_lto/d' \> conftest.nm
configure:6990: $? = 0
configure:7056: arm-brcm-linux-uclibcgnueabi-gcc -o conftest -Os -DLINUX26 -DCONFIG_BCMWL5 -DDEBUG_NOISY -DDEBUG_RCTEST -pipe -DBCMWPA2 -DBCMARM -fno-strict-aliasing -marm -DRTCONFIG_NVRAM_64K -DLINUX_KERNEL_VERSION=132644  -ffunction-sections -fdata-sections -fPIC  -ffunction-sections -fdata-sections -Wl,--gc-sections -lpthread -ldl conftest.c conftstm.o >&5
configure:7059: $? = 0
configure:7097: result: ok
configure:7134: checking for sysroot
configure:7164: result: no
configure:7380: checking for arm-linux-mt
configure:7410: result: no
configure:7420: checking for mt
configure:7436: found /bin/mt
configure:7447: result: mt
configure:7459: WARNING: using cross tools not prefixed with host triplet
configure:7470: checking if mt is a manifest tool
configure:7476: mt '-?'
configure:7484: result: no
configure:8126: checking how to run the C preprocessor
configure:8157: arm-brcm-linux-uclibcgnueabi-gcc -E  conftest.c
configure:8157: $? = 0
configure:8171: arm-brcm-linux-uclibcgnueabi-gcc -E  conftest.c
conftest.c:12:28: fatal error: ac_nonexistent.h: No such file or directory
compilation terminated.
configure:8171: $? = 1
configure: failed program was:
| /* confdefs.h */
| #define PACKAGE_NAME "sqlite"
| #define PACKAGE_TARNAME "sqlite"
| #define PACKAGE_VERSION "3.7.2"
| #define PACKAGE_STRING "sqlite 3.7.2"
| #define PACKAGE_BUGREPORT "http://www.sqlite.org"
| #define PACKAGE_URL ""
| #define PACKAGE "sqlite"
| #define VERSION "3.7.2"
| #define _FILE_OFFSET_BITS 64
| /* end confdefs.h.  */
| #include <ac_nonexistent.h>
configure:8196: result: arm-brcm-linux-uclibcgnueabi-gcc -E
configure:8216: arm-brcm-linux-uclibcgnueabi-gcc -E  conftest.c
configure:8216: $? = 0
configure:8230: arm-brcm-linux-uclibcgnueabi-gcc -E  conftest.c
conftest.c:12:28: fatal error: ac_nonexistent.h: No such file or directory
compilation terminated.
configure:8230: $? = 1
configure: failed program was:
| /* confdefs.h */
| #define PACKAGE_NAME "sqlite"
| #define PACKAGE_TARNAME "sqlite"
| #define PACKAGE_VERSION "3.7.2"
| #define PACKAGE_STRING "sqlite 3.7.2"
| #define PACKAGE_BUGREPORT "http://www.sqlite.org"
| #define PACKAGE_URL ""
| #define PACKAGE "sqlite"
| #define VERSION "3.7.2"
| #define _FILE_OFFSET_BITS 64
| /* end confdefs.h.  */
| #include <ac_nonexistent.h>
configure:8259: checking for ANSI C header files
configure:8279: arm-brcm-linux-uclibcgnueabi-gcc -c -Os -DLINUX26 -DCONFIG_BCMWL5 -DDEBUG_NOISY -DDEBUG_RCTEST -pipe -DBCMWPA2 -DBCMARM -fno-strict-aliasing -marm -DRTCONFIG_NVRAM_64K -DLINUX_KERNEL_VERSION=132644  -ffunction-sections -fdata-sections -fPIC  conftest.c >&5
configure:8279: $? = 0
configure:8363: result: yes
configure:8376: checking for sys/types.h
configure:8376: arm-brcm-linux-uclibcgnueabi-gcc -c -Os -DLINUX26 -DCONFIG_BCMWL5 -DDEBUG_NOISY -DDEBUG_RCTEST -pipe -DBCMWPA2 -DBCMARM -fno-strict-aliasing -marm -DRTCONFIG_NVRAM_64K -DLINUX_KERNEL_VERSION=132644  -ffunction-sections -fdata-sections -fPIC  conftest.c >&5
configure:8376: $? = 0
configure:8376: result: yes
configure:8376: checking for sys/stat.h
configure:8376: arm-brcm-linux-uclibcgnueabi-gcc -c -Os -DLINUX26 -DCONFIG_BCMWL5 -DDEBUG_NOISY -DDEBUG_RCTEST -pipe -DBCMWPA2 -DBCMARM -fno-strict-aliasing -marm -DRTCONFIG_NVRAM_64K -DLINUX_KERNEL_VERSION=132644  -ffunction-sections -fdata-sections -fPIC  conftest.c >&5
configure:8376: $? = 0
configure:8376: result: yes
configure:8376: checking for stdlib.h
configure:8376: arm-brcm-linux-uclibcgnueabi-gcc -c -Os -DLINUX26 -DCONFIG_BCMWL5 -DDEBUG_NOISY -DDEBUG_RCTEST -pipe -DBCMWPA2 -DBCMARM -fno-strict-aliasing -marm -DRTCONFIG_NVRAM_64K -DLINUX_KERNEL_VERSION=132644  -ffunction-sections -fdata-sections -fPIC  conftest.c >&5
configure:8376: $? = 0
configure:8376: result: yes
configure:8376: checking for string.h
configure:8376: arm-brcm-linux-uclibcgnueabi-gcc -c -Os -DLINUX26 -DCONFIG_BCMWL5 -DDEBUG_NOISY -DDEBUG_RCTEST -pipe -DBCMWPA2 -DBCMARM -fno-strict-aliasing -marm -DRTCONFIG_NVRAM_64K -DLINUX_KERNEL_VERSION=132644  -ffunction-sections -fdata-sections -fPIC  conftest.c >&5
configure:8376: $? = 0
configure:8376: result: yes
configure:8376: checking for memory.h
configure:8376: arm-brcm-linux-uclibcgnueabi-gcc -c -Os -DLINUX26 -DCONFIG_BCMWL5 -DDEBUG_NOISY -DDEBUG_RCTEST -pipe -DBCMWPA2 -DBCMARM -fno-strict-aliasing -marm -DRTCONFIG_NVRAM_64K -DLINUX_KERNEL_VERSION=132644  -ffunction-sections -fdata-sections -fPIC  conftest.c >&5
configure:8376: $? = 0
configure:8376: result: yes
configure:8376: checking for strings.h
configure:8376: arm-brcm-linux-uclibcgnueabi-gcc -c -Os -DLINUX26 -DCONFIG_BCMWL5 -DDEBUG_NOISY -DDEBUG_RCTEST -pipe -DBCMWPA2 -DBCMARM -fno-strict-aliasing -marm -DRTCONFIG_NVRAM_64K -DLINUX_KERNEL_VERSION=132644  -ffunction-sections -fdata-sections -fPIC  conftest.c >&5
configure:8376: $? = 0
configure:8376: result: yes
configure:8376: checking for inttypes.h
configure:8376: arm-brcm-linux-uclibcgnueabi-gcc -c -Os -DLINUX26 -DCONFIG_BCMWL5 -DDEBUG_NOISY -DDEBUG_RCTEST -pipe -DBCMWPA2 -DBCMARM -fno-strict-aliasing -marm -DRTCONFIG_NVRAM_64K -DLINUX_KERNEL_VERSION=132644  -ffunction-sections -fdata-sections -fPIC  conftest.c >&5
configure:8376: $? = 0
configure:8376: result: yes
configure:8376: checking for stdint.h
configure:8376: arm-brcm-linux-uclibcgnueabi-gcc -c -Os -DLINUX26 -DCONFIG_BCMWL5 -DDEBUG_NOISY -DDEBUG_RCTEST -pipe -DBCMWPA2 -DBCMARM -fno-strict-aliasing -marm -DRTCONFIG_NVRAM_64K -DLINUX_KERNEL_VERSION=132644  -ffunction-sections -fdata-sections -fPIC  conftest.c >&5
configure:8376: $? = 0
configure:8376: result: yes
configure:8376: checking for unistd.h
configure:8376: arm-brcm-linux-uclibcgnueabi-gcc -c -Os -DLINUX26 -DCONFIG_BCMWL5 -DDEBUG_NOISY -DDEBUG_RCTEST -pipe -DBCMWPA2 -DBCMARM -fno-strict-aliasing -marm -DRTCONFIG_NVRAM_64K -DLINUX_KERNEL_VERSION=132644  -ffunction-sections -fdata-sections -fPIC  conftest.c >&5
configure:8376: $? = 0
configure:8376: result: yes
configure:8390: checking for dlfcn.h
configure:8390: arm-brcm-linux-uclibcgnueabi-gcc -c -Os -DLINUX26 -DCONFIG_BCMWL5 -DDEBUG_NOISY -DDEBUG_RCTEST -pipe -DBCMWPA2 -DBCMARM -fno-strict-aliasing -marm -DRTCONFIG_NVRAM_64K -DLINUX_KERNEL_VERSION=132644  -ffunction-sections -fdata-sections -fPIC  conftest.c >&5
configure:8390: $? = 0
configure:8390: result: yes
configure:8596: checking for objdir
configure:8611: result: .libs
configure:8878: checking if arm-brcm-linux-uclibcgnueabi-gcc supports -fno-rtti -fno-exceptions
configure:8896: arm-brcm-linux-uclibcgnueabi-gcc -c -Os -DLINUX26 -DCONFIG_BCMWL5 -DDEBUG_NOISY -DDEBUG_RCTEST -pipe -DBCMWPA2 -DBCMARM -fno-strict-aliasing -marm -DRTCONFIG_NVRAM_64K -DLINUX_KERNEL_VERSION=132644  -ffunction-sections -fdata-sections -fPIC  -fno-rtti -fno-exceptions conftest.c >&5
cc1: warning: command line option "-fno-rtti" is valid for C++/ObjC++ but not for C
configure:8900: $? = 0
configure:8913: result: no
configure:9240: checking for arm-brcm-linux-uclibcgnueabi-gcc option to produce PIC
configure:9247: result: -fPIC -DPIC
configure:9255: checking if arm-brcm-linux-uclibcgnueabi-gcc PIC flag -fPIC -DPIC works
configure:9273: arm-brcm-linux-uclibcgnueabi-gcc -c -Os -DLINUX26 -DCONFIG_BCMWL5 -DDEBUG_NOISY -DDEBUG_RCTEST -pipe -DBCMWPA2 -DBCMARM -fno-strict-aliasing -marm -DRTCONFIG_NVRAM_64K -DLINUX_KERNEL_VERSION=132644  -ffunction-sections -fdata-sections -fPIC  -fPIC -DPIC -DPIC conftest.c >&5
configure:9277: $? = 0
configure:9290: result: yes
configure:9319: checking if arm-brcm-linux-uclibcgnueabi-gcc static flag -static works
configure:9347: result: yes
configure:9362: checking if arm-brcm-linux-uclibcgnueabi-gcc supports -c -o file.o
configure:9383: arm-brcm-linux-uclibcgnueabi-gcc -c -Os -DLINUX26 -DCONFIG_BCMWL5 -DDEBUG_NOISY -DDEBUG_RCTEST -pipe -DBCMWPA2 -DBCMARM -fno-strict-aliasing -marm -DRTCONFIG_NVRAM_64K -DLINUX_KERNEL_VERSION=132644  -ffunction-sections -fdata-sections -fPIC  -o out/conftest2.o conftest.c >&5
configure:9387: $? = 0
configure:9409: result: yes
configure:9417: checking if arm-brcm-linux-uclibcgnueabi-gcc supports -c -o file.o
configure:9464: result: yes
configure:9497: checking whether the arm-brcm-linux-uclibcgnueabi-gcc linker (arm-brcm-linux-uclibcgnueabi-ld) supports shared libraries
configure:10650: result: yes
configure:10687: checking whether -lc should be explicitly linked in
configure:10695: arm-brcm-linux-uclibcgnueabi-gcc -c -Os -DLINUX26 -DCONFIG_BCMWL5 -DDEBUG_NOISY -DDEBUG_RCTEST -pipe -DBCMWPA2 -DBCMARM -fno-strict-aliasing -marm -DRTCONFIG_NVRAM_64K -DLINUX_KERNEL_VERSION=132644  -ffunction-sections -fdata-sections -fPIC  conftest.c >&5
configure:10698: $? = 0
configure:10713: arm-brcm-linux-uclibcgnueabi-gcc -shared  -fPIC -DPIC conftest.o  -v -Wl,-soname -Wl,conftest -o conftest 2\>\&1 \| /bin/grep  -lc  \>/dev/null 2\>\&1
configure:10716: $? = 0
configure:10730: result: no
configure:10890: checking dynamic linker characteristics
configure:11401: arm-brcm-linux-uclibcgnueabi-gcc -o conftest -Os -DLINUX26 -DCONFIG_BCMWL5 -DDEBUG_NOISY -DDEBUG_RCTEST -pipe -DBCMWPA2 -DBCMARM -fno-strict-aliasing -marm -DRTCONFIG_NVRAM_64K -DLINUX_KERNEL_VERSION=132644  -ffunction-sections -fdata-sections -fPIC  -ffunction-sections -fdata-sections -Wl,--gc-sections -lpthread -ldl -Wl,-rpath -Wl,/foo conftest.c  >&5
configure:11401: $? = 0
configure:11623: result: GNU/Linux ld.so
configure:11730: checking how to hardcode library paths into programs
configure:11755: result: immediate
configure:12295: checking whether stripping libraries is possible
configure:12300: result: yes
configure:12335: checking if libtool supports shared libraries
configure:12337: result: yes
configure:12340: checking whether to build shared libraries
configure:12361: result: yes
configure:12364: checking whether to build static libraries
configure:12368: result: yes
configure:12410: checking for fdatasync
configure:12410: arm-brcm-linux-uclibcgnueabi-gcc -o conftest -Os -DLINUX26 -DCONFIG_BCMWL5 -DDEBUG_NOISY -DDEBUG_RCTEST -pipe -DBCMWPA2 -DBCMARM -fno-strict-aliasing -marm -DRTCONFIG_NVRAM_64K -DLINUX_KERNEL_VERSION=132644  -ffunction-sections -fdata-sections -fPIC  -ffunction-sections -fdata-sections -Wl,--gc-sections -lpthread -ldl conftest.c  >&5
configure:12410: $? = 0
configure:12410: result: yes
configure:12410: checking for usleep
configure:12410: arm-brcm-linux-uclibcgnueabi-gcc -o conftest -Os -DLINUX26 -DCONFIG_BCMWL5 -DDEBUG_NOISY -DDEBUG_RCTEST -pipe -DBCMWPA2 -DBCMARM -fno-strict-aliasing -marm -DRTCONFIG_NVRAM_64K -DLINUX_KERNEL_VERSION=132644  -ffunction-sections -fdata-sections -fPIC  -ffunction-sections -fdata-sections -Wl,--gc-sections -lpthread -ldl conftest.c  >&5
configure:12410: $? = 0
configure:12410: result: yes
configure:12410: checking for fullfsync
configure:12410: arm-brcm-linux-uclibcgnueabi-gcc -o conftest -Os -DLINUX26 -DCONFIG_BCMWL5 -DDEBUG_NOISY -DDEBUG_RCTEST -pipe -DBCMWPA2 -DBCMARM -fno-strict-aliasing -marm -DRTCONFIG_NVRAM_64K -DLINUX_KERNEL_VERSION=132644  -ffunction-sections -fdata-sections -fPIC  -ffunction-sections -fdata-sections -Wl,--gc-sections -lpthread -ldl conftest.c  >&5
/tmp/ccQpo2XL.o: In function `main':
conftest.c:(.text.main+0x4): undefined reference to `fullfsync'
collect2: ld returned 1 exit status
configure:12410: $? = 1
configure: failed program was:
| /* confdefs.h */
| #define PACKAGE_NAME "sqlite"
| #define PACKAGE_TARNAME "sqlite"
| #define PACKAGE_VERSION "3.7.2"
| #define PACKAGE_STRING "sqlite 3.7.2"
| #define PACKAGE_BUGREPORT "http://www.sqlite.org"
| #define PACKAGE_URL ""
| #define PACKAGE "sqlite"
| #define VERSION "3.7.2"
| #define _FILE_OFFSET_BITS 64
| #define STDC_HEADERS 1
| #define HAVE_SYS_TYPES_H 1
| #define HAVE_SYS_STAT_H 1
| #define HAVE_STDLIB_H 1
| #define HAVE_STRING_H 1
| #define HAVE_MEMORY_H 1
| #define HAVE_STRINGS_H 1
| #define HAVE_INTTYPES_H 1
| #define HAVE_STDINT_H 1
| #define HAVE_UNISTD_H 1
| #define HAVE_DLFCN_H 1
| #define LT_OBJDIR ".libs/"
| #define HAVE_FDATASYNC 1
| #define HAVE_USLEEP 1
| /* end confdefs.h.  */
| /* Define fullfsync to an innocuous variant, in case <limits.h> declares fullfsync.
|    For example, HP-UX 11i <limits.h> declares gettimeofday.  */
| #define fullfsync innocuous_fullfsync
| 
| /* System header to define __stub macros and hopefully few prototypes,
|     which can conflict with char fullfsync (); below.
|     Prefer <limits.h> to <assert.h> if __STDC__ is defined, since
|     <limits.h> exists even on freestanding compilers.  */
| 
| #ifdef __STDC__
| # include <limits.h>
| #else
| # include <assert.h>
| #endif
| 
| #undef fullfsync
| 
| /* Override any GCC internal prototype to avoid an error.
|    Use char because int might match the return type of a GCC
|    builtin and then its argument prototype would still apply.  */
| #ifdef __cplusplus
| extern "C"
| #endif
| char fullfsync ();
| /* The GNU C library defines this for functions which it implements
|     to always fail with ENOSYS.  Some functions are actually named
|     something starting with __ and the normal name is an alias.  */
| #if defined __stub_fullfsync || defined __stub___fullfsync
| choke me
| #endif
| 
| int
| main ()
| {
| return fullfsync ();
|   ;
|   return 0;
| }
configure:12410: result: no
configure:12410: checking for localtime_r
configure:12410: arm-brcm-linux-uclibcgnueabi-gcc -o conftest -Os -DLINUX26 -DCONFIG_BCMWL5 -DDEBUG_NOISY -DDEBUG_RCTEST -pipe -DBCMWPA2 -DBCMARM -fno-strict-aliasing -marm -DRTCONFIG_NVRAM_64K -DLINUX_KERNEL_VERSION=132644  -ffunction-sections -fdata-sections -fPIC  -ffunction-sections -fdata-sections -Wl,--gc-sections -lpthread -ldl conftest.c  >&5
configure:12410: $? = 0
configure:12410: result: yes
configure:12410: checking for gmtime_r
configure:12410: arm-brcm-linux-uclibcgnueabi-gcc -o conftest -Os -DLINUX26 -DCONFIG_BCMWL5 -DDEBUG_NOISY -DDEBUG_RCTEST -pipe -DBCMWPA2 -DBCMARM -fno-strict-aliasing -marm -DRTCONFIG_NVRAM_64K -DLINUX_KERNEL_VERSION=132644  -ffunction-sections -fdata-sections -fPIC  -ffunction-sections -fdata-sections -Wl,--gc-sections -lpthread -ldl conftest.c  >&5
configure:12410: $? = 0
configure:12410: result: yes
configure:12581: checking for library containing pthread_create
configure:12612: arm-brcm-linux-uclibcgnueabi-gcc -o conftest -Os -DLINUX26 -DCONFIG_BCMWL5 -DDEBUG_NOISY -DDEBUG_RCTEST -pipe -DBCMWPA2 -DBCMARM -fno-strict-aliasing -marm -DRTCONFIG_NVRAM_64K -DLINUX_KERNEL_VERSION=132644  -ffunction-sections -fdata-sections -fPIC  -ffunction-sections -fdata-sections -Wl,--gc-sections -lpthread -ldl conftest.c  >&5
configure:12612: $? = 0
configure:12629: result: none required
configure:12711: checking for whether to support dynamic extensions
configure:12713: result: no
configure:12888: checking that generated files are newer than configure
configure:12894: result: done
configure:12925: creating ./config.status

## ---------------------- ##
## Running config.status. ##
## ---------------------- ##

This file was extended by sqlite config.status 3.7.2, which was
generated by GNU Autoconf 2.69.  Invocation command line was

  CONFIG_FILES    = 
  CONFIG_HEADERS  = 
  CONFIG_LINKS    = 
  CONFIG_COMMANDS = 
  $ ./config.status 

on plp

config.status:1012: creating Makefile
config.status:1012: creating sqlite3.pc
config.status:1184: executing depfiles commands
config.status:1184: executing libtool commands

## ---------------- ##
## Cache variables. ##
## ---------------- ##

ac_cv_build=x86_64-pc-linux-gnu
ac_cv_c_compiler_gnu=yes
ac_cv_env_CC_set=set
ac_cv_env_CC_value=arm-brcm-linux-uclibcgnueabi-gcc
ac_cv_env_CFLAGS_set=set
ac_cv_env_CFLAGS_value='-Os -DLINUX26 -DCONFIG_BCMWL5 -DDEBUG_NOISY -DDEBUG_RCTEST -pipe -DBCMWPA2 -DBCMARM -fno-strict-aliasing -marm -DRTCONFIG_NVRAM_64K -DLINUX_KERNEL_VERSION=132644  -ffunction-sections -fdata-sections -fPIC'
ac_cv_env_CPPFLAGS_set=
ac_cv_env_CPPFLAGS_value=
ac_cv_env_CPP_set=
ac_cv_env_CPP_value=
ac_cv_env_LDFLAGS_set=set
ac_cv_env_LDFLAGS_value='-ffunction-sections -fdata-sections -Wl,--gc-sections -lpthread -ldl'
ac_cv_env_LIBS_set=
ac_cv_env_LIBS_value=
ac_cv_env_build_alias_set=set
ac_cv_env_build_alias_value=x86_64-linux-gnu
ac_cv_env_host_alias_set=set
ac_cv_env_host_alias_value=arm-linux
ac_cv_env_target_alias_set=
ac_cv_env_target_alias_value=
ac_cv_func_fdatasync=yes
ac_cv_func_fullfsync=no
ac_cv_func_gmtime_r=yes
ac_cv_func_localtime_r=yes
ac_cv_func_usleep=yes
ac_cv_header_dlfcn_h=yes
ac_cv_header_inttypes_h=yes
ac_cv_header_memory_h=yes
ac_cv_header_stdc=yes
ac_cv_header_stdint_h=yes
ac_cv_header_stdlib_h=yes
ac_cv_header_string_h=yes
ac_cv_header_strings_h=yes
ac_cv_header_sys_stat_h=yes
ac_cv_header_sys_types_h=yes
ac_cv_header_unistd_h=yes
ac_cv_host=arm-unknown-linux-gnu
ac_cv_objext=o
ac_cv_path_EGREP='/bin/grep -E'
ac_cv_path_FGREP='/bin/grep -F'
ac_cv_path_GREP=/bin/grep
ac_cv_path_SED=/bin/sed
ac_cv_path_install='/usr/bin/install -c'
ac_cv_path_mkdir=/bin/mkdir
ac_cv_prog_AR=arm-brcm-linux-uclibcgnueabi-ar
ac_cv_prog_AWK=gawk
ac_cv_prog_CC=arm-brcm-linux-uclibcgnueabi-gcc
ac_cv_prog_CPP='arm-brcm-linux-uclibcgnueabi-gcc -E'
ac_cv_prog_OBJDUMP=arm-brcm-linux-uclibcgnueabi-objdump
ac_cv_prog_RANLIB=arm-brcm-linux-uclibcgnueabi-ranlib
ac_cv_prog_STRIP=arm-brcm-linux-uclibcgnueabi-strip
ac_cv_prog_ac_ct_MANIFEST_TOOL=mt
ac_cv_prog_cc_c89=
ac_cv_prog_cc_g=yes
ac_cv_prog_make_make_set=yes
ac_cv_search_pthread_create='none required'
ac_cv_sys_file_offset_bits=64
ac_cv_sys_largefile_CC=no
am_cv_CC_dependencies_compiler_type=none
am_cv_make_support_nested_variables=yes
am_cv_prog_cc_c_o=yes
lt_cv_ar_at_file=@
lt_cv_archive_cmds_need_lc=no
lt_cv_deplibs_check_method=pass_all
lt_cv_file_magic_cmd='$MAGIC_CMD'
lt_cv_file_magic_test_file=
lt_cv_ld_reload_flag=-r
lt_cv_nm_interface='BSD nm'
lt_cv_objdir=.libs
lt_cv_path_LD=arm-brcm-linux-uclibcgnueabi-ld
lt_cv_path_NM=arm-brcm-linux-uclibcgnueabi-nm
lt_cv_path_mainfest_tool=no
lt_cv_prog_compiler_c_o=yes
lt_cv_prog_compiler_pic='-fPIC -DPIC'
lt_cv_prog_compiler_pic_works=yes
lt_cv_prog_compiler_rtti_exceptions=no
lt_cv_prog_compiler_static_works=yes
lt_cv_prog_gnu_ld=yes
lt_cv_sharedlib_from_linklib_cmd='printf %s\n'
lt_cv_shlibpath_overrides_runpath=no
lt_cv_sys_global_symbol_pipe='sed -n -e '\''s/^.*[	 ]\([ABCDGIRSTW][ABCDGIRSTW]*\)[	 ][	 ]*\([_A-Za-z][_A-Za-z0-9]*\)$/\1 \2 \2/p'\'' | sed '\''/ __gnu_lto/d'\'''
lt_cv_sys_global_symbol_to_c_name_address='sed -n -e '\''s/^: \([^ ]*\)[ ]*$/  {\"\1\", (void *) 0},/p'\'' -e '\''s/^[ABCDGIRSTW]* \([^ ]*\) \([^ ]*\)$/  {"\2", (void *) \&\2},/p'\'''
lt_cv_sys_global_symbol_to_c_name_address_lib_prefix='sed -n -e '\''s/^: \([^ ]*\)[ ]*$/  {\"\1\", (void *) 0},/p'\'' -e '\''s/^[ABCDGIRSTW]* \([^ ]*\) \(lib[^ ]*\)$/  {"\2", (void *) \&\2},/p'\'' -e '\''s/^[ABCDGIRSTW]* \([^ ]*\) \([^ ]*\)$/  {"lib\2", (void *) \&\2},/p'\'''
lt_cv_sys_global_symbol_to_cdecl='sed -n -e '\''s/^T .* \(.*\)$/extern int \1();/p'\'' -e '\''s/^[ABCDGIRSTW]* .* \(.*\)$/extern char \1;/p'\'''
lt_cv_sys_max_cmd_len=3458764513820540925
lt_cv_to_host_file_cmd=func_convert_file_noop
lt_cv_to_tool_file_cmd=func_convert_file_noop

## ----------------- ##
## Output variables. ##
## ----------------- ##

ACLOCAL='${SHELL} /home/plp/k2p/asuswrt/release/src/router/sqlite/missing aclocal-1.14'
AMDEPBACKSLASH=''
AMDEP_FALSE=''
AMDEP_TRUE='#'
AMTAR='$${TAR-tar}'
AM_BACKSLASH='\'
AM_DEFAULT_V='$(AM_DEFAULT_VERBOSITY)'
AM_DEFAULT_VERBOSITY='1'
AM_V='$(V)'
AR='arm-brcm-linux-uclibcgnueabi-ar'
AUTOCONF='${SHELL} /home/plp/k2p/asuswrt/release/src/router/sqlite/missing autoconf'
AUTOHEADER='${SHELL} /home/plp/k2p/asuswrt/release/src/router/sqlite/missing autoheader'
AUTOMAKE='${SHELL} /home/plp/k2p/asuswrt/release/src/router/sqlite/missing automake-1.14'
AWK='gawk'
BUILD_CFLAGS=''
CC='arm-brcm-linux-uclibcgnueabi-gcc'
CCDEPMODE='depmode=none'
CFLAGS='-Os -DLINUX26 -DCONFIG_BCMWL5 -DDEBUG_NOISY -DDEBUG_RCTEST -pipe -DBCMWPA2 -DBCMARM -fno-strict-aliasing -marm -DRTCONFIG_NVRAM_64K -DLINUX_KERNEL_VERSION=132644  -ffunction-sections -fdata-sections -fPIC'
CPP='arm-brcm-linux-uclibcgnueabi-gcc -E'
CPPFLAGS=''
CYGPATH_W='echo'
DEFS='-DPACKAGE_NAME=\"sqlite\" -DPACKAGE_TARNAME=\"sqlite\" -DPACKAGE_VERSION=\"3.7.2\" -DPACKAGE_STRING=\"sqlite\ 3.7.2\" -DPACKAGE_BUGREPORT=\"http://www.sqlite.org\" -DPACKAGE_URL=\"\" -DPACKAGE=\"sqlite\" -DVERSION=\"3.7.2\" -D_FILE_OFFSET_BITS=64 -DSTDC_HEADERS=1 -DHAVE_SYS_TYPES_H=1 -DHAVE_SYS_STAT_H=1 -DHAVE_STDLIB_H=1 -DHAVE_STRING_H=1 -DHAVE_MEMORY_H=1 -DHAVE_STRINGS_H=1 -DHAVE_INTTYPES_H=1 -DHAVE_STDINT_H=1 -DHAVE_UNISTD_H=1 -DHAVE_DLFCN_H=1 -DLT_OBJDIR=\".libs/\" -DHAVE_FDATASYNC=1 -DHAVE_USLEEP=1 -DHAVE_LOCALTIME_R=1 -DHAVE_GMTIME_R=1'
DEPDIR='.deps'
DLLTOOL='false'
DSYMUTIL=''
DUMPBIN=''
DYNAMIC_EXTENSION_FLAGS='-DSQLITE_OMIT_LOAD_EXTENSION=1'
ECHO_C=''
ECHO_N='-n'
ECHO_T=''
EGREP='/bin/grep -E'
EXEEXT=''
FGREP='/bin/grep -F'
GREP='/bin/grep'
INSTALL_DATA='${INSTALL} -m 644'
INSTALL_PROGRAM='${INSTALL}'
INSTALL_SCRIPT='${INSTALL}'
INSTALL_STRIP_PROGRAM='$(install_sh) -c -s'
LD='arm-brcm-linux-uclibcgnueabi-ld'
LDFLAGS='-ffunction-sections -fdata-sections -Wl,--gc-sections -lpthread -ldl'
LIBOBJS=''
LIBS=''
LIBTOOL='$(SHELL) $(top_builddir)/libtool'
LIPO=''
LN_S='ln -s'
LTLIBOBJS=''
MAINT='#'
MAINTAINER_MODE_FALSE=''
MAINTAINER_MODE_TRUE='#'
MAKEINFO='${SHELL} /home/plp/k2p/asuswrt/release/src/router/sqlite/missing makeinfo'
MANIFEST_TOOL=':'
MKDIR_P='/bin/mkdir -p'
NM='arm-brcm-linux-uclibcgnueabi-nm'
NMEDIT=''
OBJDUMP='arm-brcm-linux-uclibcgnueabi-objdump'
OBJEXT='o'
OTOOL64=''
OTOOL=''
PACKAGE='sqlite'
PACKAGE_BUGREPORT='http://www.sqlite.org'
PACKAGE_NAME='sqlite'
PACKAGE_STRING='sqlite 3.7.2'
PACKAGE_TARNAME='sqlite'
PACKAGE_URL=''
PACKAGE_VERSION='3.7.2'
PATH_SEPARATOR=':'
RANLIB='arm-brcm-linux-uclibcgnueabi-ranlib'
READLINE_LIBS=''
SED='/bin/sed'
SET_MAKE=''
SHELL='/bin/bash'
STRIP='arm-brcm-linux-uclibcgnueabi-strip'
THREADSAFE_FLAGS='-DSQLITE_THREADSAFE=1'
VERSION='3.7.2'
ac_ct_AR=''
ac_ct_CC=''
ac_ct_DUMPBIN=''
am__EXEEXT_FALSE=''
am__EXEEXT_TRUE='#'
am__fastdepCC_FALSE=''
am__fastdepCC_TRUE='#'
am__include='include'
am__isrc=''
am__leading_dot='.'
am__nodep=''
am__quote=''
am__tar='$${TAR-tar} chof - "$$tardir"'
am__untar='$${TAR-tar} xf -'
bindir='${exec_prefix}/bin'
build='x86_64-pc-linux-gnu'
build_alias='x86_64-linux-gnu'
build_cpu='x86_64'
build_os='linux-gnu'
build_vendor='pc'
datadir='${datarootdir}'
datarootdir='${prefix}/share'
docdir='${datarootdir}/doc/${PACKAGE_TARNAME}'
dvidir='${docdir}'
exec_prefix='${prefix}'
host='arm-unknown-linux-gnu'
host_alias='arm-linux'
host_cpu='arm'
host_os='linux-gnu'
host_vendor='unknown'
htmldir='${docdir}'
includedir='${prefix}/include'
infodir='${datarootdir}/info'
install_sh='${SHELL} /home/plp/k2p/asuswrt/release/src/router/sqlite/install-sh'
libdir='${exec_prefix}/lib'
libexecdir='${exec_prefix}/libexec'
localedir='${datarootdir}/locale'
localstatedir='${prefix}/var'
mandir='${datarootdir}/man'
mkdir_p='$(MKDIR_P)'
oldincludedir='/usr/include'
pdfdir='${docdir}'
prefix='/usr'
program_transform_name='s,x,x,'
psdir='${docdir}'
sbindir='${exec_prefix}/sbin'
sharedstatedir='${prefix}/com'
sysconfdir='${prefix}/etc'
target_alias=''

## ----------- ##
## confdefs.h. ##
## ----------- ##

/* confdefs.h */
#define PACKAGE_NAME "sqlite"
#define PACKAGE_TARNAME "sqlite"
#define PACKAGE_VERSION "3.7.2"
#define PACKAGE_STRING "sqlite 3.7.2"
#define PACKAGE_BUGREPORT "http://www.sqlite.org"
#define PACKAGE_URL ""
#define PACKAGE "sqlite"
#define VERSION "3.7.2"
#define _FILE_OFFSET_BITS 64
#define STDC_HEADERS 1
#define HAVE_SYS_TYPES_H 1
#define HAVE_SYS_STAT_H 1
#define HAVE_STDLIB_H 1
#define HAVE_STRING_H 1
#define HAVE_MEMORY_H 1
#define HAVE_STRINGS_H 1
#define HAVE_INTTYPES_H 1
#define HAVE_STDINT_H 1
#define HAVE_UNISTD_H 1
#define HAVE_DLFCN_H 1
#define LT_OBJDIR ".libs/"
#define HAVE_FDATASYNC 1
#define HAVE_USLEEP 1
#define HAVE_LOCALTIME_R 1
#define HAVE_GMTIME_R 1

configure: exit 0
